UCFLive/app/build/outputs/logs/manifest-merger-debug-report.txt
-- Merging decision tree log ---
manifest
ADDED from src\main\AndroidManifest.xml:2:1-87:12
INJECTED from src\main\AndroidManifest.xml:2:1-87:12
INJECTED from src\main\AndroidManifest.xml:2:1-87:12
INJECTED from src\main\AndroidManifest.xml:2:1-87:12
MERGED from [com.android.support.constraint:constraint-layout:1.1.3] AndroidManifest.xml:2:1-11:12
MERGED from [android.arch.lifecycle:extensions:1.1.1] AndroidManifest.xml:17:1-30:12
MERGED from [com.android.support:design:28.0.0] AndroidManifest.xml:17:1-24:12
MERGED from [org.jitsi.react:jitsi-meet-sdk:1.21.0] AndroidManifest.xml:2:1-45:12
MERGED from [com.facebook.react:react-native-background-timer:2.0.0-jitsi-3] AndroidManifest.xml:2:1-11:12
MERGED from [com.facebook.react:react-native-calendar-events:1.6.3-jitsi-1] AndroidManifest.xml:2:1-14:12
MERGED from [com.facebook.react:react-native-fast-image:4.0.14-jitsi-1] AndroidManifest.xml:2:1-22:12
MERGED from [com.facebook.react:react-native-google-signin:1.0.0-rc6-jitsi-1] AndroidManifest.xml:2:1-11:12
MERGED from [com.facebook.react:react-native-immersive:1.1.0-jitsi-4] AndroidManifest.xml:2:1-11:12
MERGED from [com.facebook.react:react-native-keep-awake:2.0.6-jitsi-3] AndroidManifest.xml:2:1-11:12
MERGED from [com.facebook.react:react-native-linear-gradient:2.4.0-jitsi-1] AndroidManifest.xml:2:1-11:12
MERGED from [com.facebook.react:react-native-sound:0.10.9-jitsi-2] AndroidManifest.xml:2:1-12:12
MERGED from [com.facebook.react:react-native-vector-icons:6.0.2-jitsi-3] AndroidManifest.xml:2:1-11:12
MERGED from [com.facebook.react:react-native-webrtc:1.67.1-jitsi-9] AndroidManifest.xml:2:1-11:12
MERGED from [com.facebook.react:react-native:0.57.6] AndroidManifest.xml:2:1-15:12
MERGED from [com.android.support:appcompat-v7:28.0.0] AndroidManifest.xml:17:1-22:12
MERGED from [com.android.support:recyclerview-v7:28.0.0] AndroidManifest.xml:17:1-22:12
MERGED from [com.google.android.gms:play-services-auth:16.0.1] AndroidManifest.xml:17:1-39:12
MERGED from [com.google.android.gms:play-services-auth-api-phone:16.0.0] AndroidManifest.xml:2:1-7:12
MERGED from [com.google.android.gms:play-services-auth-base:16.0.0] AndroidManifest.xml:2:1-7:12
MERGED from [com.google.android.gms:play-services-base:16.0.1] AndroidManifest.xml:17:1-29:12
MERGED from [com.google.android.gms:play-services-tasks:16.0.1] AndroidManifest.xml:2:1-9:12
MERGED from [com.google.android.gms:play-services-basement:16.0.1] AndroidManifest.xml:17:1-28:12
MERGED from [com.android.support:support-v4:28.0.0] AndroidManifest.xml:17:1-22:12
MERGED from [com.android.support:support-fragment:28.0.0] AndroidManifest.xml:17:1-22:12
MERGED from [com.android.support:animated-vector-drawable:28.0.0] AndroidManifest.xml:17:1-22:12
MERGED from [com.android.support:support-core-ui:28.0.0] AndroidManifest.xml:17:1-22:12
MERGED from [com.android.support:support-core-utils:28.0.0] AndroidManifest.xml:17:1-22:12
MERGED from [com.android.support:support-vector-drawable:28.0.0] AndroidManifest.xml:17:1-22:12
MERGED from [com.android.support:transition:28.0.0] AndroidManifest.xml:17:1-22:12
MERGED from [com.android.support:support-media-compat:28.0.0] AndroidManifest.xml:17:1-22:12
MERGED from [com.android.support:loader:28.0.0] AndroidManifest.xml:17:1-22:12
MERGED from [com.android.support:viewpager:28.0.0] AndroidManifest.xml:17:1-22:12
MERGED from [com.android.support:coordinatorlayout:28.0.0] AndroidManifest.xml:17:1-22:12
MERGED from [com.android.support:drawerlayout:28.0.0] AndroidManifest.xml:17:1-22:12
MERGED from [com.android.support:slidingpanelayout:28.0.0] AndroidManifest.xml:17:1-22:12
MERGED from [com.android.support:customview:28.0.0] AndroidManifest.xml:17:1-22:12
MERGED from [com.android.support:swiperefreshlayout:28.0.0] AndroidManifest.xml:17:1-22:12
MERGED from [com.android.support:asynclayoutinflater:28.0.0] AndroidManifest.xml:17:1-22:12
MERGED from [com.android.support:support-compat:28.0.0] AndroidManifest.xml:17:1-24:12
MERGED from [android.arch.lifecycle:runtime:1.1.1] AndroidManifest.xml:17:1-22:12
MERGED from [android.arch.lifecycle:livedata:1.1.1] AndroidManifest.xml:17:1-22:12
MERGED from [android.arch.lifecycle:livedata-core:1.1.1] AndroidManifest.xml:17:1-22:12
MERGED from [android.arch.core:runtime:1.1.1] AndroidManifest.xml:17:1-22:12
MERGED from [android.arch.lifecycle:viewmodel:1.1.1] AndroidManifest.xml:17:1-22:12
MERGED from [com.android.support:versionedparcelable:28.0.0] AndroidManifest.xml:17:1-25:12
MERGED from [com.android.support:cursoradapter:28.0.0] AndroidManifest.xml:17:1-22:12
MERGED from [com.android.support:cardview-v7:28.0.0] AndroidManifest.xml:17:1-22:12
MERGED from [com.android.support:documentfile:28.0.0] AndroidManifest.xml:17:1-22:12
MERGED from [com.android.support:localbroadcastmanager:28.0.0] AndroidManifest.xml:17:1-22:12
MERGED from [com.android.support:print:28.0.0] AndroidManifest.xml:17:1-22:12
MERGED from [com.android.support:interpolator:28.0.0] AndroidManifest.xml:17:1-22:12
MERGED from [org.webkit:android-jsc:r224109] AndroidManifest.xml:2:1-11:12
MERGED from [com.facebook.fresco:fresco:1.10.0] AndroidManifest.xml:2:1-9:12
MERGED from [com.facebook.fresco:imagepipeline-okhttp3:1.10.0] AndroidManifest.xml:2:1-9:12
MERGED from [com.facebook.fresco:drawee:1.10.0] AndroidManifest.xml:2:1-9:12
MERGED from [com.facebook.fresco:imagepipeline:1.10.0] AndroidManifest.xml:2:1-9:12
MERGED from [com.facebook.fresco:imagepipeline-base:1.10.0] AndroidManifest.xml:2:1-9:12
MERGED from [com.facebook.soloader:soloader:0.5.1] AndroidManifest.xml:2:1-13:12
MERGED from [com.facebook.fresco:fbcore:1.10.0] AndroidManifest.xml:2:1-9:12
INJECTED from src\main\AndroidManifest.xml:2:1-87:12
INJECTED from src\main\AndroidManifest.xml:2:1-87:12
INJECTED from src\main\AndroidManifest.xml:2:1-87:12
	package
		ADDED from src\main\AndroidManifest.xml:4:5-41
		INJECTED from src\main\AndroidManifest.xml
		INJECTED from src\main\AndroidManifest.xml
	android:versionName
		ADDED from src\main\AndroidManifest.xml:6:5-30
		INJECTED from src\main\AndroidManifest.xml
		INJECTED from src\main\AndroidManifest.xml
	xmlns:tools
		ADDED from src\main\AndroidManifest.xml:3:5-51
	xmlns:android
		ADDED from src\main\AndroidManifest.xml:2:11-69
	android:versionCode
		ADDED from src\main\AndroidManifest.xml:5:5-28
		INJECTED from src\main\AndroidManifest.xml
		INJECTED from src\main\AndroidManifest.xml
uses-permission#android.permission.GET_ACCOUNTS
ADDED from src\main\AndroidManifest.xml:8:5-71
	android:name
		ADDED from src\main\AndroidManifest.xml:8:22-68
uses-permission#android.permission.READ_PROFILE
ADDED from src\main\AndroidManifest.xml:9:5-71
	android:name
		ADDED from src\main\AndroidManifest.xml:9:22-68
uses-permission#android.permission.READ_CONTACTS
ADDED from src\main\AndroidManifest.xml:10:5-72
	android:name
		ADDED from src\main\AndroidManifest.xml:10:22-69
uses-permission#android.permission.INTERNET
ADDED from src\main\AndroidManifest.xml:11:5-67
MERGED from [org.jitsi.react:jitsi-meet-sdk:1.21.0] AndroidManifest.xml:12:5-67
MERGED from [org.jitsi.react:jitsi-meet-sdk:1.21.0] AndroidManifest.xml:12:5-67
	android:name
		ADDED from src\main\AndroidManifest.xml:11:22-64
uses-permission#android.permission.ACCESS_NETWORK_STATE
ADDED from src\main\AndroidManifest.xml:12:5-79
MERGED from [org.jitsi.react:jitsi-meet-sdk:1.21.0] AndroidManifest.xml:9:5-79
MERGED from [org.jitsi.react:jitsi-meet-sdk:1.21.0] AndroidManifest.xml:9:5-79
	android:name
		ADDED from src\main\AndroidManifest.xml:12:22-76
application
ADDED from src\main\AndroidManifest.xml:14:5-85:19
MERGED from [com.android.support.constraint:constraint-layout:1.1.3] AndroidManifest.xml:9:5-20
MERGED from [com.android.support.constraint:constraint-layout:1.1.3] AndroidManifest.xml:9:5-20
MERGED from [android.arch.lifecycle:extensions:1.1.1] AndroidManifest.xml:22:5-28:19
MERGED from [android.arch.lifecycle:extensions:1.1.1] AndroidManifest.xml:22:5-28:19
MERGED from [com.android.support:design:28.0.0] AndroidManifest.xml:22:5-20
MERGED from [com.android.support:design:28.0.0] AndroidManifest.xml:22:5-20
MERGED from [org.jitsi.react:jitsi-meet-sdk:1.21.0] AndroidManifest.xml:30:5-43:19
MERGED from [org.jitsi.react:jitsi-meet-sdk:1.21.0] AndroidManifest.xml:30:5-43:19
MERGED from [com.facebook.react:react-native-fast-image:4.0.14-jitsi-1] AndroidManifest.xml:12:5-20:19
MERGED from [com.facebook.react:react-native-fast-image:4.0.14-jitsi-1] AndroidManifest.xml:12:5-20:19
MERGED from [com.facebook.react:react-native:0.57.6] AndroidManifest.xml:13:5-20
MERGED from [com.facebook.react:react-native:0.57.6] AndroidManifest.xml:13:5-20
MERGED from [com.google.android.gms:play-services-auth:16.0.1] AndroidManifest.xml:22:5-37:19
MERGED from [com.google.android.gms:play-services-auth:16.0.1] AndroidManifest.xml:22:5-37:19
MERGED from [com.google.android.gms:play-services-base:16.0.1] AndroidManifest.xml:22:5-27:19
MERGED from [com.google.android.gms:play-services-base:16.0.1] AndroidManifest.xml:22:5-27:19
MERGED from [com.google.android.gms:play-services-tasks:16.0.1] AndroidManifest.xml:7:5-20
MERGED from [com.google.android.gms:play-services-tasks:16.0.1] AndroidManifest.xml:7:5-20
MERGED from [com.google.android.gms:play-services-basement:16.0.1] AndroidManifest.xml:22:5-26:19
MERGED from [com.google.android.gms:play-services-basement:16.0.1] AndroidManifest.xml:22:5-26:19
MERGED from [com.android.support:support-compat:28.0.0] AndroidManifest.xml:22:5-94
MERGED from [com.android.support:support-compat:28.0.0] AndroidManifest.xml:22:5-94
MERGED from [com.android.support:versionedparcelable:28.0.0] AndroidManifest.xml:22:5-23:19
MERGED from [com.android.support:versionedparcelable:28.0.0] AndroidManifest.xml:22:5-23:19
MERGED from [com.facebook.soloader:soloader:0.5.1] AndroidManifest.xml:11:5-20
MERGED from [com.facebook.soloader:soloader:0.5.1] AndroidManifest.xml:11:5-20
	android:appComponentFactory
		ADDED from [com.android.support:support-compat:28.0.0] AndroidManifest.xml:22:18-91
	android:label
		ADDED from [org.jitsi.react:jitsi-meet-sdk:1.21.0] AndroidManifest.xml:32:9-41
	android:supportsRtl
		ADDED from src\main\AndroidManifest.xml:17:9-35
	tools:ignore
		ADDED from src\main\AndroidManifest.xml:20:9-48
	android:roundIcon
		ADDED from src\main\AndroidManifest.xml:19:9-54
	android:icon
		ADDED from src\main\AndroidManifest.xml:16:9-43
	android:allowBackup
		ADDED from src\main\AndroidManifest.xml:15:9-35
	android:theme
		ADDED from src\main\AndroidManifest.xml:18:9-40
	android:usesCleartextTraffic
		ADDED from src\main\AndroidManifest.xml:21:9-44
meta-data#com.google.android.actions
ADDED from src\main\AndroidManifest.xml:22:9-24:62
	android:resource
		ADDED from src\main\AndroidManifest.xml:24:13-60
	android:name
		ADDED from src\main\AndroidManifest.xml:23:13-54
activity#com.lb.UCFKnightsLive.data.SplashActivity
ADDED from src\main\AndroidManifest.xml:27:9-35:20
	android:theme
		ADDED from src\main\AndroidManifest.xml:29:13-47
	android:name
		ADDED from src\main\AndroidManifest.xml:28:13-43
intent-filter#action:name:android.intent.action.MAIN+category:name:android.intent.category.LAUNCHER
ADDED from src\main\AndroidManifest.xml:30:13-34:29
action#android.intent.action.MAIN
ADDED from src\main\AndroidManifest.xml:31:17-69
	android:name
		ADDED from src\main\AndroidManifest.xml:31:25-66
category#android.intent.category.LAUNCHER
ADDED from src\main\AndroidManifest.xml:33:17-77
	android:name
		ADDED from src\main\AndroidManifest.xml:33:27-74
activity#com.lb.UCFKnightsLive.data.MainActivity
ADDED from src\main\AndroidManifest.xml:36:9-42:20
	android:name
		ADDED from src\main\AndroidManifest.xml:36:19-47
activity#com.lb.UCFKnightsLive.data.DetailActivity
ADDED from src\main\AndroidManifest.xml:43:9-49:20
	android:parentActivityName
		ADDED from src\main\AndroidManifest.xml:45:13-55
	android:name
		ADDED from src\main\AndroidManifest.xml:44:13-43
meta-data#android.support.PARENT_ACTIVITY
ADDED from src\main\AndroidManifest.xml:46:13-48:75
	android:value
		ADDED from src\main\AndroidManifest.xml:48:17-72
	android:name
		ADDED from src\main\AndroidManifest.xml:47:17-63
activity#com.lb.UCFKnightsLive.data.SigninActivity
ADDED from src\main\AndroidManifest.xml:50:9-57:20
	android:parentActivityName
		ADDED from src\main\AndroidManifest.xml:53:13-55
	android:label
		ADDED from src\main\AndroidManifest.xml:52:13-58
	android:name
		ADDED from src\main\AndroidManifest.xml:51:13-43
activity#com.lb.UCFKnightsLive.data.PrefsActivity
ADDED from src\main\AndroidManifest.xml:58:9-64:20
	android:parentActivityName
		ADDED from src\main\AndroidManifest.xml:60:13-55
	android:name
		ADDED from src\main\AndroidManifest.xml:59:13-42
activity#com.lb.UCFKnightsLive.data.Main
ADDED from src\main\AndroidManifest.xml:65:9-74:20
	android:name
		ADDED from src\main\AndroidManifest.xml:66:13-33
activity#com.lb.UCFKnightsLive.data.Jitsi
ADDED from src\main\AndroidManifest.xml:75:9-84:20
	android:name
		ADDED from src\main\AndroidManifest.xml:76:13-34
uses-sdk
INJECTED from src\main\AndroidManifest.xml reason: use-sdk injection requested
INJECTED from src\main\AndroidManifest.xml
INJECTED from src\main\AndroidManifest.xml
MERGED from [com.android.support.constraint:constraint-layout:1.1.3] AndroidManifest.xml:5:5-7:41
MERGED from [com.android.support.constraint:constraint-layout:1.1.3] AndroidManifest.xml:5:5-7:41
MERGED from [android.arch.lifecycle:extensions:1.1.1] AndroidManifest.xml:20:5-44
MERGED from [android.arch.lifecycle:extensions:1.1.1] AndroidManifest.xml:20:5-44
MERGED from [com.android.support:design:28.0.0] AndroidManifest.xml:20:5-44
MERGED from [com.android.support:design:28.0.0] AndroidManifest.xml:20:5-44
MERGED from [org.jitsi.react:jitsi-meet-sdk:1.21.0] AndroidManifest.xml:5:5-7:41
MERGED from [org.jitsi.react:jitsi-meet-sdk:1.21.0] AndroidManifest.xml:5:5-7:41
MERGED from [com.facebook.react:react-native-background-timer:2.0.0-jitsi-3] AndroidManifest.xml:7:5-9:41
MERGED from [com.facebook.react:react-native-background-timer:2.0.0-jitsi-3] AndroidManifest.xml:7:5-9:41
MERGED from [com.facebook.react:react-native-calendar-events:1.6.3-jitsi-1] AndroidManifest.xml:7:5-9:41
MERGED from [com.facebook.react:react-native-calendar-events:1.6.3-jitsi-1] AndroidManifest.xml:7:5-9:41
MERGED from [com.facebook.react:react-native-fast-image:4.0.14-jitsi-1] AndroidManifest.xml:8:5-10:41
MERGED from [com.facebook.react:react-native-fast-image:4.0.14-jitsi-1] AndroidManifest.xml:8:5-10:41
MERGED from [com.facebook.react:react-native-google-signin:1.0.0-rc6-jitsi-1] AndroidManifest.xml:7:5-9:41
MERGED from [com.facebook.react:react-native-google-signin:1.0.0-rc6-jitsi-1] AndroidManifest.xml:7:5-9:41
MERGED from [com.facebook.react:react-native-immersive:1.1.0-jitsi-4] AndroidManifest.xml:7:5-9:41
MERGED from [com.facebook.react:react-native-immersive:1.1.0-jitsi-4] AndroidManifest.xml:7:5-9:41
MERGED from [com.facebook.react:react-native-keep-awake:2.0.6-jitsi-3] AndroidManifest.xml:7:5-9:41
MERGED from [com.facebook.react:react-native-keep-awake:2.0.6-jitsi-3] AndroidManifest.xml:7:5-9:41
MERGED from [com.facebook.react:react-native-linear-gradient:2.4.0-jitsi-1] AndroidManifest.xml:7:5-9:41
MERGED from [com.facebook.react:react-native-linear-gradient:2.4.0-jitsi-1] AndroidManifest.xml:7:5-9:41
MERGED from [com.facebook.react:react-native-sound:0.10.9-jitsi-2] AndroidManifest.xml:8:5-10:41
MERGED from [com.facebook.react:react-native-sound:0.10.9-jitsi-2] AndroidManifest.xml:8:5-10:41
MERGED from [com.facebook.react:react-native-vector-icons:6.0.2-jitsi-3] AndroidManifest.xml:7:5-9:41
MERGED from [com.facebook.react:react-native-vector-icons:6.0.2-jitsi-3] AndroidManifest.xml:7:5-9:41
MERGED from [com.facebook.react:react-native-webrtc:1.67.1-jitsi-9] AndroidManifest.xml:7:5-9:41
MERGED from [com.facebook.react:react-native-webrtc:1.67.1-jitsi-9] AndroidManifest.xml:7:5-9:41
MERGED from [com.facebook.react:react-native:0.57.6] AndroidManifest.xml:7:5-9:41
MERGED from [com.facebook.react:react-native:0.57.6] AndroidManifest.xml:7:5-9:41
MERGED from [com.android.support:appcompat-v7:28.0.0] AndroidManifest.xml:20:5-44
MERGED from [com.android.support:appcompat-v7:28.0.0] AndroidManifest.xml:20:5-44
MERGED from [com.android.support:recyclerview-v7:28.0.0] AndroidManifest.xml:20:5-44
MERGED from [com.android.support:recyclerview-v7:28.0.0] AndroidManifest.xml:20:5-44
MERGED from [com.google.android.gms:play-services-auth:16.0.1] AndroidManifest.xml:20:5-44
MERGED from [com.google.android.gms:play-services-auth:16.0.1] AndroidManifest.xml:20:5-44
MERGED from [com.google.android.gms:play-services-auth-api-phone:16.0.0] AndroidManifest.xml:5:5-44
MERGED from [com.google.android.gms:play-services-auth-api-phone:16.0.0] AndroidManifest.xml:5:5-44
MERGED from [com.google.android.gms:play-services-auth-base:16.0.0] AndroidManifest.xml:5:5-44
MERGED from [com.google.android.gms:play-services-auth-base:16.0.0] AndroidManifest.xml:5:5-44
MERGED from [com.google.android.gms:play-services-base:16.0.1] AndroidManifest.xml:20:5-44
MERGED from [com.google.android.gms:play-services-base:16.0.1] AndroidManifest.xml:20:5-44
MERGED from [com.google.android.gms:play-services-tasks:16.0.1] AndroidManifest.xml:5:5-44
MERGED from [com.google.android.gms:play-services-tasks:16.0.1] AndroidManifest.xml:5:5-44
MERGED from [com.google.android.gms:play-services-basement:16.0.1] AndroidManifest.xml:20:5-44
MERGED from [com.google.android.gms:play-services-basement:16.0.1] AndroidManifest.xml:20:5-44
MERGED from [com.android.support:support-v4:28.0.0] AndroidManifest.xml:20:5-44
MERGED from [com.android.support:support-v4:28.0.0] AndroidManifest.xml:20:5-44
MERGED from [com.android.support:support-fragment:28.0.0] AndroidManifest.xml:20:5-44
MERGED from [com.android.support:support-fragment:28.0.0] AndroidManifest.xml:20:5-44
MERGED from [com.android.support:animated-vector-drawable:28.0.0] AndroidManifest.xml:20:5-44
MERGED from [com.android.support:animated-vector-drawable:28.0.0] AndroidManifest.xml:20:5-44
MERGED from [com.android.support:support-core-ui:28.0.0] AndroidManifest.xml:20:5-44
MERGED from [com.android.support:support-core-ui:28.0.0] AndroidManifest.xml:20:5-44
MERGED from [com.android.support:support-core-utils:28.0.0] AndroidManifest.xml:20:5-44
MERGED from [com.android.support:support-core-utils:28.0.0] AndroidManifest.xml:20:5-44
MERGED from [com.android.support:support-vector-drawable:28.0.0] AndroidManifest.xml:20:5-44
MERGED from [com.android.support:support-vector-drawable:28.0.0] AndroidManifest.xml:20:5-44
MERGED from [com.android.support:transition:28.0.0] AndroidManifest.xml:20:5-44
MERGED from [com.android.support:transition:28.0.0] AndroidManifest.xml:20:5-44
MERGED from [com.android.support:support-media-compat:28.0.0] AndroidManifest.xml:20:5-44
MERGED from [com.android.support:support-media-compat:28.0.0] AndroidManifest.xml:20:5-44
MERGED from [com.android.support:loader:28.0.0] AndroidManifest.xml:20:5-44
MERGED from [com.android.support:loader:28.0.0] AndroidManifest.xml:20:5-44
MERGED from [com.android.support:viewpager:28.0.0] AndroidManifest.xml:20:5-44
MERGED from [com.android.support:viewpager:28.0.0] AndroidManifest.xml:20:5-44
MERGED from [com.android.support:coordinatorlayout:28.0.0] AndroidManifest.xml:20:5-44
MERGED from [com.android.support:coordinatorlayout:28.0.0] AndroidManifest.xml:20:5-44
MERGED from [com.android.support:drawerlayout:28.0.0] AndroidManifest.xml:20:5-44
MERGED from [com.android.support:drawerlayout:28.0.0] AndroidManifest.xml:20:5-44
MERGED from [com.android.support:slidingpanelayout:28.0.0] AndroidManifest.xml:20:5-44
MERGED from [com.android.support:slidingpanelayout:28.0.0] AndroidManifest.xml:20:5-44
MERGED from [com.android.support:customview:28.0.0] AndroidManifest.xml:20:5-44
MERGED from [com.android.support:customview:28.0.0] AndroidManifest.xml:20:5-44
MERGED from [com.android.support:swiperefreshlayout:28.0.0] AndroidManifest.xml:20:5-44
MERGED from [com.android.support:swiperefreshlayout:28.0.0] AndroidManifest.xml:20:5-44
MERGED from [com.android.support:asynclayoutinflater:28.0.0] AndroidManifest.xml:20:5-44
MERGED from [com.android.support:asynclayoutinflater:28.0.0] AndroidManifest.xml:20:5-44
MERGED from [com.android.support:support-compat:28.0.0] AndroidManifest.xml:20:5-44
MERGED from [com.android.support:support-compat:28.0.0] AndroidManifest.xml:20:5-44
MERGED from [android.arch.lifecycle:runtime:1.1.1] AndroidManifest.xml:20:5-44
MERGED from [android.arch.lifecycle:runtime:1.1.1] AndroidManifest.xml:20:5-44
MERGED from [android.arch.lifecycle:livedata:1.1.1] AndroidManifest.xml:20:5-44
MERGED from [android.arch.lifecycle:livedata:1.1.1] AndroidManifest.xml:20:5-44
MERGED from [android.arch.lifecycle:livedata-core:1.1.1] AndroidManifest.xml:20:5-44
MERGED from [android.arch.lifecycle:livedata-core:1.1.1] AndroidManifest.xml:20:5-44
MERGED from [android.arch.core:runtime:1.1.1] AndroidManifest.xml:20:5-44
MERGED from [android.arch.core:runtime:1.1.1] AndroidManifest.xml:20:5-44
MERGED from [android.arch.lifecycle:viewmodel:1.1.1] AndroidManifest.xml:20:5-44
MERGED from [android.arch.lifecycle:viewmodel:1.1.1] AndroidManifest.xml:20:5-44
MERGED from [com.android.support:versionedparcelable:28.0.0] AndroidManifest.xml:20:5-44
MERGED from [com.android.support:versionedparcelable:28.0.0] AndroidManifest.xml:20:5-44
MERGED from [com.android.support:cursoradapter:28.0.0] AndroidManifest.xml:20:5-44
MERGED from [com.android.support:cursoradapter:28.0.0] AndroidManifest.xml:20:5-44
MERGED from [com.android.support:cardview-v7:28.0.0] AndroidManifest.xml:20:5-44
MERGED from [com.android.support:cardview-v7:28.0.0] AndroidManifest.xml:20:5-44
MERGED from [com.android.support:documentfile:28.0.0] AndroidManifest.xml:20:5-44
MERGED from [com.android.support:documentfile:28.0.0] AndroidManifest.xml:20:5-44
MERGED from [com.android.support:localbroadcastmanager:28.0.0] AndroidManifest.xml:20:5-44
MERGED from [com.android.support:localbroadcastmanager:28.0.0] AndroidManifest.xml:20:5-44
MERGED from [com.android.support:print:28.0.0] AndroidManifest.xml:20:5-44
MERGED from [com.android.support:print:28.0.0] AndroidManifest.xml:20:5-44
MERGED from [com.android.support:interpolator:28.0.0] AndroidManifest.xml:20:5-44
MERGED from [com.android.support:interpolator:28.0.0] AndroidManifest.xml:20:5-44
MERGED from [org.webkit:android-jsc:r224109] AndroidManifest.xml:7:5-9:41
MERGED from [org.webkit:android-jsc:r224109] AndroidManifest.xml:7:5-9:41
MERGED from [com.facebook.fresco:fresco:1.10.0] AndroidManifest.xml:5:5-7:41
MERGED from [com.facebook.fresco:fresco:1.10.0] AndroidManifest.xml:5:5-7:41
MERGED from [com.facebook.fresco:imagepipeline-okhttp3:1.10.0] AndroidManifest.xml:5:5-7:41
MERGED from [com.facebook.fresco:imagepipeline-okhttp3:1.10.0] AndroidManifest.xml:5:5-7:41
MERGED from [com.facebook.fresco:drawee:1.10.0] AndroidManifest.xml:5:5-7:41
MERGED from [com.facebook.fresco:drawee:1.10.0] AndroidManifest.xml:5:5-7:41
MERGED from [com.facebook.fresco:imagepipeline:1.10.0] AndroidManifest.xml:5:5-7:41
MERGED from [com.facebook.fresco:imagepipeline:1.10.0] AndroidManifest.xml:5:5-7:41
MERGED from [com.facebook.fresco:imagepipeline-base:1.10.0] AndroidManifest.xml:5:5-7:41
MERGED from [com.facebook.fresco:imagepipeline-base:1.10.0] AndroidManifest.xml:5:5-7:41
MERGED from [com.facebook.soloader:soloader:0.5.1] AndroidManifest.xml:7:5-9:41
MERGED from [com.facebook.soloader:soloader:0.5.1] AndroidManifest.xml:7:5-9:41
MERGED from [com.facebook.fresco:fbcore:1.10.0] AndroidManifest.xml:5:5-7:41
MERGED from [com.facebook.fresco:fbcore:1.10.0] AndroidManifest.xml:5:5-7:41
INJECTED from src\main\AndroidManifest.xml
INJECTED from src\main\AndroidManifest.xml
	android:targetSdkVersion
		INJECTED from src\main\AndroidManifest.xml
		ADDED from src\main\AndroidManifest.xml
		INJECTED from src\main\AndroidManifest.xml
	android:minSdkVersion
		INJECTED from src\main\AndroidManifest.xml
		ADDED from src\main\AndroidManifest.xml
		INJECTED from src\main\AndroidManifest.xml
provider#android.arch.lifecycle.ProcessLifecycleOwnerInitializer
ADDED from [android.arch.lifecycle:extensions:1.1.1] AndroidManifest.xml:23:9-27:43
	android:authorities
		ADDED from [android.arch.lifecycle:extensions:1.1.1] AndroidManifest.xml:25:13-68
	android:multiprocess
		ADDED from [android.arch.lifecycle:extensions:1.1.1] AndroidManifest.xml:27:13-40
	android:exported
		ADDED from [android.arch.lifecycle:extensions:1.1.1] AndroidManifest.xml:26:13-37
	android:name
		ADDED from [android.arch.lifecycle:extensions:1.1.1] AndroidManifest.xml:24:13-83
uses-permission#android.permission.BLUETOOTH
ADDED from [org.jitsi.react:jitsi-meet-sdk:1.21.0] AndroidManifest.xml:10:5-68
	android:name
		ADDED from [org.jitsi.react:jitsi-meet-sdk:1.21.0] AndroidManifest.xml:10:22-65
uses-permission#android.permission.CAMERA
ADDED from [org.jitsi.react:jitsi-meet-sdk:1.21.0] AndroidManifest.xml:11:5-65
	android:name
		ADDED from [org.jitsi.react:jitsi-meet-sdk:1.21.0] AndroidManifest.xml:11:22-62
uses-permission#android.permission.MANAGE_OWN_CALLS
ADDED from [org.jitsi.react:jitsi-meet-sdk:1.21.0] AndroidManifest.xml:13:5-75
	android:name
		ADDED from [org.jitsi.react:jitsi-meet-sdk:1.21.0] AndroidManifest.xml:13:22-72
uses-permission#android.permission.MODIFY_AUDIO_SETTINGS
ADDED from [org.jitsi.react:jitsi-meet-sdk:1.21.0] AndroidManifest.xml:14:5-80
	android:name
		ADDED from [org.jitsi.react:jitsi-meet-sdk:1.21.0] AndroidManifest.xml:14:22-77
uses-permission#android.permission.RECORD_AUDIO
ADDED from [org.jitsi.react:jitsi-meet-sdk:1.21.0] AndroidManifest.xml:15:5-71
	android:name
		ADDED from [org.jitsi.react:jitsi-meet-sdk:1.21.0] AndroidManifest.xml:15:22-68
uses-permission#android.permission.SYSTEM_ALERT_WINDOW
ADDED from [org.jitsi.react:jitsi-meet-sdk:1.21.0] AndroidManifest.xml:16:5-78
MERGED from [com.facebook.react:react-native:0.57.6] AndroidManifest.xml:11:5-78
MERGED from [com.facebook.react:react-native:0.57.6] AndroidManifest.xml:11:5-78
	android:name
		ADDED from [org.jitsi.react:jitsi-meet-sdk:1.21.0] AndroidManifest.xml:16:22-75
uses-permission#android.permission.WAKE_LOCK
ADDED from [org.jitsi.react:jitsi-meet-sdk:1.21.0] AndroidManifest.xml:17:5-68
	android:name
		ADDED from [org.jitsi.react:jitsi-meet-sdk:1.21.0] AndroidManifest.xml:17:22-65
uses-permission#android.permission.ACCESS_WIFI_STATE
ADDED from [org.jitsi.react:jitsi-meet-sdk:1.21.0] AndroidManifest.xml:18:5-76
	android:name
		ADDED from [org.jitsi.react:jitsi-meet-sdk:1.21.0] AndroidManifest.xml:18:22-73
uses-feature#0x00020000
ADDED from [org.jitsi.react:jitsi-meet-sdk:1.21.0] AndroidManifest.xml:20:5-22:35
	android:glEsVersion
		ADDED from [org.jitsi.react:jitsi-meet-sdk:1.21.0] AndroidManifest.xml:21:9-41
	android:required
		ADDED from [org.jitsi.react:jitsi-meet-sdk:1.21.0] AndroidManifest.xml:22:9-32
uses-feature#android.hardware.camera
ADDED from [org.jitsi.react:jitsi-meet-sdk:1.21.0] AndroidManifest.xml:23:5-25:36
	android:required
		ADDED from [org.jitsi.react:jitsi-meet-sdk:1.21.0] AndroidManifest.xml:25:9-33
	android:name
		ADDED from [org.jitsi.react:jitsi-meet-sdk:1.21.0] AndroidManifest.xml:24:9-47
uses-feature#android.hardware.camera.autofocus
ADDED from [org.jitsi.react:jitsi-meet-sdk:1.21.0] AndroidManifest.xml:26:5-28:36
	android:required
		ADDED from [org.jitsi.react:jitsi-meet-sdk:1.21.0] AndroidManifest.xml:28:9-33
	android:name
		ADDED from [org.jitsi.react:jitsi-meet-sdk:1.21.0] AndroidManifest.xml:27:9-57
activity#com.facebook.react.devsupport.DevSettingsActivity
ADDED from [org.jitsi.react:jitsi-meet-sdk:1.21.0] AndroidManifest.xml:34:9-86
	android:name
		ADDED from [org.jitsi.react:jitsi-meet-sdk:1.21.0] AndroidManifest.xml:34:19-83
service#org.jitsi.meet.sdk.ConnectionService
ADDED from [org.jitsi.react:jitsi-meet-sdk:1.21.0] AndroidManifest.xml:36:9-42:19
	android:permission
		ADDED from [org.jitsi.react:jitsi-meet-sdk:1.21.0] AndroidManifest.xml:38:13-84
	android:name
		ADDED from [org.jitsi.react:jitsi-meet-sdk:1.21.0] AndroidManifest.xml:37:13-64
intent-filter#action:name:android.telecom.ConnectionService
ADDED from [org.jitsi.react:jitsi-meet-sdk:1.21.0] AndroidManifest.xml:39:13-41:29
action#android.telecom.ConnectionService
ADDED from [org.jitsi.react:jitsi-meet-sdk:1.21.0] AndroidManifest.xml:40:17-76
	android:name
		ADDED from [org.jitsi.react:jitsi-meet-sdk:1.21.0] AndroidManifest.xml:40:25-73
uses-permission#android.permission.WRITE_CALENDAR
ADDED from [com.facebook.react:react-native-calendar-events:1.6.3-jitsi-1] AndroidManifest.xml:11:5-73
	android:name
		ADDED from [com.facebook.react:react-native-calendar-events:1.6.3-jitsi-1] AndroidManifest.xml:11:22-70
uses-permission#android.permission.READ_CALENDAR
ADDED from [com.facebook.react:react-native-calendar-events:1.6.3-jitsi-1] AndroidManifest.xml:12:5-72
	android:name
		ADDED from [com.facebook.react:react-native-calendar-events:1.6.3-jitsi-1] AndroidManifest.xml:12:22-69
meta-data#com.dylanvann.fastimage.OkHttpProgressGlideModule
ADDED from [com.facebook.react:react-native-fast-image:4.0.14-jitsi-1] AndroidManifest.xml:13:9-15:43
	android:value
		ADDED from [com.facebook.react:react-native-fast-image:4.0.14-jitsi-1] AndroidManifest.xml:15:13-40
	android:name
		ADDED from [com.facebook.react:react-native-fast-image:4.0.14-jitsi-1] AndroidManifest.xml:14:13-77
meta-data#com.bumptech.glide.integration.okhttp.OkHttpGlideModule
ADDED from [com.facebook.react:react-native-fast-image:4.0.14-jitsi-1] AndroidManifest.xml:16:9-19:35
	tools:node
		ADDED from [com.facebook.react:react-native-fast-image:4.0.14-jitsi-1] AndroidManifest.xml:19:13-32
	android:value
		ADDED from [com.facebook.react:react-native-fast-image:4.0.14-jitsi-1] AndroidManifest.xml:18:13-40
	android:name
		ADDED from [com.facebook.react:react-native-fast-image:4.0.14-jitsi-1] AndroidManifest.xml:17:13-83
activity#com.google.android.gms.auth.api.signin.internal.SignInHubActivity